<?xml version="1.0" encoding="UTF-8"?>
<testng-results ignored="0" total="1" passed="1" failed="0" skipped="0">
  <reporter-output>
  </reporter-output>
  <suite started-at="2019-08-10T15:16:14Z" name="Suite" finished-at="2019-08-10T15:16:43Z" duration-ms="29501">
    <groups>
    </groups>
    <test started-at="2019-08-10T15:16:14Z" name="Test" finished-at="2019-08-10T15:16:43Z" duration-ms="29501">
      <class name="yatraBooking.yatraBookingClass">
        <test-method is-config="true" signature="launchBrowser()[pri:0, instance:yatraBooking.yatraBookingClass@7a8c8dcf]" started-at="2019-08-10T20:46:14Z" name="launchBrowser" finished-at="2019-08-10T20:46:25Z" duration-ms="10974" status="PASS">
          <reporter-output>
          </reporter-output>
        </test-method> <!-- launchBrowser -->
        <test-method signature="yatraBooking()[pri:0, instance:yatraBooking.yatraBookingClass@7a8c8dcf]" started-at="2019-08-10T20:46:25Z" name="yatraBooking" finished-at="2019-08-10T20:46:43Z" duration-ms="18228" status="PASS">
          <reporter-output>
          </reporter-output>
        </test-method> <!-- yatraBooking -->
        <test-method is-config="true" signature="terminateBrowser()[pri:0, instance:yatraBooking.yatraBookingClass@7a8c8dcf]" started-at="2019-08-10T20:46:43Z" name="terminateBrowser" finished-at="2019-08-10T20:46:43Z" duration-ms="268" status="PASS">
          <reporter-output>
          </reporter-output>
        </test-method> <!-- terminateBrowser -->
      </class> <!-- yatraBooking.yatraBookingClass -->
    </test> <!-- Test -->
  </suite> <!-- Suite -->
</testng-results>
